# -------------------------
# Ensemble classification
# cover : coversKB_features.mat
# stego : stego020KB_features.mat
# trn/tst ratio : 0.5000
# L : automatic (min 25, length 50, eps 0.00500)
# d_sub : automatic (Eoob tolerance 0.0200, step 200)
# seed 1 (trn/tst) : 7
# seed 2 (subspaces) : 831548009
# seed 3 (bootstrap) : 877532172
# bootstrap : yes
# -------------------------
 - d_sub 42 : OOB 0.4870 : L 258 : T 1.4 sec
 - d_sub 84 : OOB 0.4750 : L 240 : T 2.4 sec
 - d_sub 126 : OOB 0.4970 : L 141 : T 1.6 sec
 - d_sub 63 : OOB 0.4870 : L 134 : T 0.9 sec
 - d_sub 105 : OOB 0.4920 : L 195 : T 1.9 sec
 - d_sub 74 : OOB 0.4860 : L 287 : T 2.1 sec
 - d_sub 94 : OOB 0.4880 : L 223 : T 1.9 sec
 - d_sub 79 : OOB 0.4840 : L 199 : T 1.6 sec
 - d_sub 89 : OOB 0.4920 : L 173 : T 1.6 sec
 - d_sub 82 : OOB 0.4870 : L 430 : T 3.6 sec
 - d_sub 86 : OOB 0.4830 : L 306 : T 2.5 sec
training time: 21.7 sec
optimal d_sub 84 : OOB 0.4750 : TST 0.4870 : L 240 : T 21.7 sec
