# -------------------------
# Ensemble classification
# cover : coversKB_features.mat
# stego : stego015KB_features.mat
# trn/tst ratio : 0.5000
# L : automatic (min 25, length 50, eps 0.00500)
# d_sub : automatic (Eoob tolerance 0.0200, step 200)
# seed 1 (trn/tst) : 7
# seed 2 (subspaces) : 376931743
# seed 3 (bootstrap) : 988755147
# bootstrap : yes
# -------------------------
 - d_sub 42 : OOB 0.4890 : L 281 : T 1.5 sec
 - d_sub 84 : OOB 0.4960 : L 223 : T 1.8 sec
 - d_sub 126 : OOB 0.4920 : L 178 : T 1.9 sec
 - d_sub 21 : OOB 0.4960 : L 370 : T 1.6 sec
 - d_sub 63 : OOB 0.4800 : L 350 : T 2.4 sec
 - d_sub 53 : OOB 0.4930 : L 209 : T 1.3 sec
 - d_sub 73 : OOB 0.4900 : L 227 : T 1.6 sec
 - d_sub 58 : OOB 0.4930 : L 105 : T 0.7 sec
 - d_sub 68 : OOB 0.4880 : L 179 : T 1.2 sec
 - d_sub 61 : OOB 0.4950 : L 106 : T 0.7 sec
 - d_sub 65 : OOB 0.4870 : L 182 : T 1.2 sec
training time: 16.1 sec
optimal d_sub 63 : OOB 0.4800 : TST 0.4930 : L 350 : T 16.2 sec
