# -------------------------
# Ensemble classification
# cover : coversKB_features.mat
# stego : stego020KB_features.mat
# trn/tst ratio : 0.8000
# L : automatic (min 25, length 50, eps 0.00500)
# d_sub : automatic (Eoob tolerance 0.0200, step 200)
# seed 1 (trn/tst) : 10
# seed 2 (subspaces) : 717941913
# seed 3 (bootstrap) : 173972119
# bootstrap : yes
# -------------------------
 - d_sub 42 : OOB 0.4138 : L 194 : T 0.8 sec
 - d_sub 84 : OOB 0.4150 : L 208 : T 1.1 sec
 - d_sub 126 : OOB 0.4169 : L 156 : T 1.0 sec
 - d_sub 21 : OOB 0.4238 : L 209 : T 0.9 sec
 - d_sub 63 : OOB 0.4094 : L 115 : T 0.5 sec
 - d_sub 53 : OOB 0.4019 : L 166 : T 0.7 sec
 - d_sub 73 : OOB 0.4013 : L 125 : T 0.6 sec
training time: 5.8 sec
optimal d_sub 73 : OOB 0.4013 : TST 0.3950 : L 125 : T 5.9 sec
