# -------------------------
# Ensemble classification
# cover : coversKB_features.mat
# stego : stego050KB_features.mat
# trn/tst ratio : 0.5000
# L : automatic (min 25, length 50, eps 0.00500)
# d_sub : automatic (Eoob tolerance 0.0200, step 200)
# seed 1 (trn/tst) : 6
# seed 2 (subspaces) : 802301831
# seed 3 (bootstrap) : 656281592
# bootstrap : yes
# -------------------------
 - d_sub 42 : OOB 0.4400 : L 289 : T 1.6 sec
 - d_sub 84 : OOB 0.4440 : L 88 : T 0.7 sec
 - d_sub 126 : OOB 0.4460 : L 208 : T 2.2 sec
 - d_sub 21 : OOB 0.4690 : L 335 : T 1.4 sec
 - d_sub 63 : OOB 0.4340 : L 253 : T 1.7 sec
 - d_sub 53 : OOB 0.4450 : L 500 : T 3.0 sec
 - d_sub 73 : OOB 0.4370 : L 190 : T 1.4 sec
 - d_sub 58 : OOB 0.4440 : L 153 : T 1.0 sec
 - d_sub 68 : OOB 0.4340 : L 287 : T 2.0 sec
 - d_sub 61 : OOB 0.4350 : L 280 : T 1.8 sec
 - d_sub 65 : OOB 0.4360 : L 137 : T 0.9 sec
training time: 17.8 sec
optimal d_sub 63 : OOB 0.4340 : TST 0.4470 : L 253 : T 17.9 sec
