# -------------------------
# Ensemble classification
# cover : coversKB_features.mat
# stego : stego040KB_features.mat
# trn/tst ratio : 0.5000
# L : automatic (min 25, length 50, eps 0.00500)
# d_sub : automatic (Eoob tolerance 0.0200, step 200)
# seed 1 (trn/tst) : 6
# seed 2 (subspaces) : 229235985
# seed 3 (bootstrap) : 921142763
# bootstrap : yes
# -------------------------
 - d_sub 42 : OOB 0.4680 : L 275 : T 1.8 sec
 - d_sub 84 : OOB 0.4660 : L 258 : T 2.3 sec
 - d_sub 126 : OOB 0.4540 : L 213 : T 2.6 sec
 - d_sub 168 : OOB 0.4660 : L 65 : T 1.0 sec
 - d_sub 105 : OOB 0.4630 : L 198 : T 2.0 sec
 - d_sub 147 : OOB 0.4630 : L 181 : T 2.4 sec
 - d_sub 116 : OOB 0.4670 : L 191 : T 2.1 sec
 - d_sub 136 : OOB 0.4590 : L 85 : T 0.9 sec
 - d_sub 121 : OOB 0.4560 : L 138 : T 1.4 sec
 - d_sub 131 : OOB 0.4570 : L 163 : T 1.7 sec
training time: 18.5 sec
optimal d_sub 126 : OOB 0.4540 : TST 0.4570 : L 213 : T 18.6 sec
