# -------------------------
# Ensemble classification
# cover : coversKB_features.mat
# stego : stego040KB_features.mat
# trn/tst ratio : 0.8000
# L : automatic (min 25, length 50, eps 0.00500)
# d_sub : automatic (Eoob tolerance 0.0200, step 200)
# seed 1 (trn/tst) : 1
# seed 2 (subspaces) : 534769832
# seed 3 (bootstrap) : 399854552
# bootstrap : yes
# -------------------------
 - d_sub 42 : OOB 0.3375 : L 225 : T 1.7 sec
 - d_sub 84 : OOB 0.2988 : L 168 : T 1.6 sec
 - d_sub 126 : OOB 0.2888 : L 105 : T 1.3 sec
 - d_sub 168 : OOB 0.3013 : L 107 : T 2.1 sec
 - d_sub 105 : OOB 0.2806 : L 110 : T 1.4 sec
 - d_sub 147 : OOB 0.2988 : L 104 : T 1.7 sec
 - d_sub 95 : OOB 0.2975 : L 99 : T 1.2 sec
 - d_sub 115 : OOB 0.2825 : L 100 : T 1.5 sec
 - d_sub 100 : OOB 0.2906 : L 169 : T 2.4 sec
 - d_sub 110 : OOB 0.2906 : L 83 : T 1.2 sec
training time: 16.5 sec
optimal d_sub 105 : OOB 0.2806 : TST 0.2700 : L 110 : T 16.6 sec
