# -------------------------
# Ensemble classification
# cover : coversKB_features.mat
# stego : stego030KB_features.mat
# trn/tst ratio : 0.8000
# L : automatic (min 25, length 50, eps 0.00500)
# d_sub : automatic (Eoob tolerance 0.0200, step 200)
# seed 1 (trn/tst) : 4
# seed 2 (subspaces) : 723511314
# seed 3 (bootstrap) : 973134481
# bootstrap : yes
# -------------------------
 - d_sub 42 : OOB 0.3613 : L 131 : T 0.6 sec
 - d_sub 84 : OOB 0.3475 : L 133 : T 0.7 sec
 - d_sub 126 : OOB 0.3688 : L 87 : T 0.6 sec
 - d_sub 63 : OOB 0.3494 : L 159 : T 0.9 sec
 - d_sub 105 : OOB 0.3544 : L 141 : T 1.0 sec
 - d_sub 74 : OOB 0.3431 : L 141 : T 0.9 sec
 - d_sub 94 : OOB 0.3513 : L 153 : T 1.0 sec
 - d_sub 69 : OOB 0.3481 : L 114 : T 0.7 sec
 - d_sub 79 : OOB 0.3531 : L 121 : T 0.7 sec
 - d_sub 72 : OOB 0.3463 : L 153 : T 0.7 sec
 - d_sub 76 : OOB 0.3431 : L 140 : T 0.7 sec
training time: 8.7 sec
optimal d_sub 74 : OOB 0.3431 : TST 0.3525 : L 141 : T 8.8 sec
