# -------------------------
# Ensemble classification
# cover : coversKB_features.mat
# stego : stego010KB_features.mat
# trn/tst ratio : 0.8000
# L : automatic (min 25, length 50, eps 0.00500)
# d_sub : automatic (Eoob tolerance 0.0200, step 200)
# seed 1 (trn/tst) : 3
# seed 2 (subspaces) : 531930497
# seed 3 (bootstrap) : 906340316
# bootstrap : yes
# -------------------------
 - d_sub 42 : OOB 0.4519 : L 158 : T 0.7 sec
 - d_sub 84 : OOB 0.4575 : L 83 : T 0.4 sec
 - d_sub 126 : OOB 0.4631 : L 104 : T 0.6 sec
 - d_sub 21 : OOB 0.4688 : L 198 : T 0.8 sec
 - d_sub 63 : OOB 0.4456 : L 114 : T 0.6 sec
 - d_sub 53 : OOB 0.4531 : L 165 : T 0.8 sec
 - d_sub 73 : OOB 0.4550 : L 88 : T 0.5 sec
 - d_sub 58 : OOB 0.4569 : L 292 : T 1.4 sec
 - d_sub 68 : OOB 0.4631 : L 138 : T 0.8 sec
 - d_sub 61 : OOB 0.4581 : L 253 : T 1.2 sec
 - d_sub 65 : OOB 0.4575 : L 146 : T 0.7 sec
training time: 8.7 sec
optimal d_sub 63 : OOB 0.4456 : TST 0.4500 : L 114 : T 8.8 sec
