# -------------------------
# Ensemble classification
# cover : coversKB_features.mat
# stego : stego040KB_features.mat
# trn/tst ratio : 0.8000
# L : automatic (min 25, length 50, eps 0.00500)
# d_sub : automatic (Eoob tolerance 0.0200, step 200)
# seed 1 (trn/tst) : 9
# seed 2 (subspaces) : 958433828
# seed 3 (bootstrap) : 734313725
# bootstrap : yes
# -------------------------
 - d_sub 42 : OOB 0.2969 : L 145 : T 0.6 sec
 - d_sub 84 : OOB 0.2969 : L 140 : T 0.7 sec
 - d_sub 126 : OOB 0.3038 : L 121 : T 0.7 sec
 - d_sub 21 : OOB 0.3275 : L 128 : T 0.5 sec
 - d_sub 63 : OOB 0.2944 : L 106 : T 0.5 sec
 - d_sub 53 : OOB 0.2938 : L 159 : T 0.7 sec
 - d_sub 73 : OOB 0.2963 : L 115 : T 0.6 sec
training time: 4.5 sec
optimal d_sub 53 : OOB 0.2938 : TST 0.2800 : L 159 : T 4.6 sec
