# -------------------------
# Ensemble classification
# cover : coversKB_features.mat
# stego : stego030KB_features.mat
# trn/tst ratio : 0.8000
# L : automatic (min 25, length 50, eps 0.00500)
# d_sub : automatic (Eoob tolerance 0.0200, step 200)
# seed 1 (trn/tst) : 7
# seed 2 (subspaces) : 782015187
# seed 3 (bootstrap) : 539221880
# bootstrap : yes
# -------------------------
 - d_sub 42 : OOB 0.3738 : L 166 : T 0.8 sec
 - d_sub 84 : OOB 0.3519 : L 89 : T 0.5 sec
 - d_sub 126 : OOB 0.3631 : L 180 : T 1.2 sec
 - d_sub 168 : OOB 0.3731 : L 125 : T 1.4 sec
 - d_sub 63 : OOB 0.3606 : L 159 : T 0.8 sec
 - d_sub 105 : OOB 0.3613 : L 184 : T 1.1 sec
 - d_sub 74 : OOB 0.3556 : L 123 : T 0.7 sec
 - d_sub 94 : OOB 0.3638 : L 174 : T 1.2 sec
 - d_sub 79 : OOB 0.3575 : L 159 : T 1.0 sec
 - d_sub 89 : OOB 0.3588 : L 129 : T 0.8 sec
 - d_sub 82 : OOB 0.3544 : L 119 : T 0.7 sec
 - d_sub 86 : OOB 0.3619 : L 120 : T 0.7 sec
training time: 11.0 sec
optimal d_sub 84 : OOB 0.3519 : TST 0.3275 : L 89 : T 11.1 sec
