# -------------------------
# Ensemble classification
# cover : coversKB_features.mat
# stego : stego050KB_features.mat
# trn/tst ratio : 0.8000
# L : automatic (min 25, length 50, eps 0.00500)
# d_sub : automatic (Eoob tolerance 0.0200, step 200)
# seed 1 (trn/tst) : 6
# seed 2 (subspaces) : 517656272
# seed 3 (bootstrap) : 661682215
# bootstrap : yes
# -------------------------
 - d_sub 42 : OOB 0.2494 : L 131 : T 0.6 sec
 - d_sub 84 : OOB 0.2506 : L 61 : T 0.3 sec
 - d_sub 126 : OOB 0.2525 : L 117 : T 0.7 sec
 - d_sub 21 : OOB 0.2631 : L 176 : T 0.7 sec
 - d_sub 63 : OOB 0.2463 : L 114 : T 0.5 sec
 - d_sub 53 : OOB 0.2425 : L 158 : T 0.7 sec
 - d_sub 73 : OOB 0.2450 : L 100 : T 0.5 sec
training time: 4.2 sec
optimal d_sub 53 : OOB 0.2425 : TST 0.2550 : L 158 : T 4.2 sec
