# -------------------------
# Ensemble classification
# cover : coversKB_features.mat
# stego : stego030KB_features.mat
# trn/tst ratio : 0.5000
# L : automatic (min 25, length 50, eps 0.00500)
# d_sub : automatic (Eoob tolerance 0.0200, step 200)
# seed 1 (trn/tst) : 2
# seed 2 (subspaces) : 279814605
# seed 3 (bootstrap) : 514457597
# bootstrap : yes
# -------------------------
 - d_sub 42 : OOB 0.4800 : L 133 : T 0.7 sec
 - d_sub 84 : OOB 0.4810 : L 129 : T 1.0 sec
 - d_sub 126 : OOB 0.4790 : L 203 : T 2.1 sec
 - d_sub 168 : OOB 0.4680 : L 238 : T 3.2 sec
 - d_sub 147 : OOB 0.4670 : L 109 : T 1.3 sec
 - d_sub 137 : OOB 0.4800 : L 79 : T 0.9 sec
 - d_sub 157 : OOB 0.4660 : L 206 : T 2.5 sec
training time: 11.8 sec
optimal d_sub 157 : OOB 0.4660 : TST 0.4620 : L 206 : T 12.0 sec
