# -------------------------
# Ensemble classification
# cover : coversKB_features.mat
# stego : stego030KB_features.mat
# trn/tst ratio : 0.8000
# L : automatic (min 25, length 50, eps 0.00500)
# d_sub : automatic (Eoob tolerance 0.0200, step 200)
# seed 1 (trn/tst) : 1
# seed 2 (subspaces) : 828484510
# seed 3 (bootstrap) : 452901226
# bootstrap : yes
# -------------------------
 - d_sub 42 : OOB 0.3575 : L 194 : T 0.8 sec
 - d_sub 84 : OOB 0.3469 : L 99 : T 0.5 sec
 - d_sub 126 : OOB 0.3531 : L 135 : T 0.8 sec
 - d_sub 168 : OOB 0.3644 : L 158 : T 1.6 sec
 - d_sub 63 : OOB 0.3506 : L 197 : T 0.9 sec
 - d_sub 105 : OOB 0.3556 : L 132 : T 0.8 sec
 - d_sub 74 : OOB 0.3475 : L 133 : T 0.6 sec
 - d_sub 94 : OOB 0.3494 : L 178 : T 1.0 sec
 - d_sub 79 : OOB 0.3431 : L 110 : T 0.7 sec
 - d_sub 89 : OOB 0.3425 : L 114 : T 0.7 sec
training time: 8.6 sec
optimal d_sub 89 : OOB 0.3425 : TST 0.3400 : L 114 : T 8.7 sec
