# -------------------------
# Ensemble classification
# cover : coversKB_features.mat
# stego : stego050KB_features.mat
# trn/tst ratio : 0.8000
# L : automatic (min 25, length 50, eps 0.00500)
# d_sub : automatic (Eoob tolerance 0.0200, step 200)
# seed 1 (trn/tst) : 1
# seed 2 (subspaces) : 929956191
# seed 3 (bootstrap) : 745280923
# bootstrap : yes
# -------------------------
 - d_sub 42 : OOB 0.2425 : L 147 : T 0.6 sec
 - d_sub 84 : OOB 0.2519 : L 132 : T 0.7 sec
 - d_sub 126 : OOB 0.2594 : L 67 : T 0.4 sec
 - d_sub 21 : OOB 0.2637 : L 188 : T 0.7 sec
 - d_sub 63 : OOB 0.2450 : L 97 : T 0.4 sec
 - d_sub 52 : OOB 0.2400 : L 122 : T 0.5 sec
 - d_sub 32 : OOB 0.2550 : L 104 : T 0.4 sec
 - d_sub 47 : OOB 0.2387 : L 180 : T 0.8 sec
 - d_sub 57 : OOB 0.2406 : L 104 : T 0.5 sec
training time: 5.3 sec
optimal d_sub 47 : OOB 0.2387 : TST 0.2425 : L 180 : T 5.4 sec
