# -------------------------
# Ensemble classification
# cover : coversKB_features.mat
# stego : stego040KB_features.mat
# trn/tst ratio : 0.5000
# L : automatic (min 25, length 50, eps 0.00500)
# d_sub : automatic (Eoob tolerance 0.0200, step 200)
# seed 1 (trn/tst) : 9
# seed 2 (subspaces) : 871633498
# seed 3 (bootstrap) : 983448236
# bootstrap : yes
# -------------------------
 - d_sub 200 : OOB 0.4120 : L 359 : T 5.8 sec
 - d_sub 400 : OOB 0.3880 : L 279 : T 10.1 sec
 - d_sub 600 : OOB 0.3920 : L 345 : T 19.2 sec
 - d_sub 800 : OOB 0.3980 : L 196 : T 15.5 sec
 - d_sub 300 : OOB 0.3950 : L 347 : T 9.3 sec
 - d_sub 500 : OOB 0.3960 : L 294 : T 13.7 sec
training time: 73.9 sec
optimal d_sub 400 : OOB 0.3880 : TST 0.4000 : L 279 : T 74.6 sec
