# -------------------------
# Ensemble classification
# cover : coversKB_features.mat
# stego : stego040KB_features.mat
# trn/tst ratio : 0.5000
# L : automatic (min 25, length 50, eps 0.00500)
# d_sub : automatic (Eoob tolerance 0.0200, step 200)
# seed 1 (trn/tst) : 8
# seed 2 (subspaces) : 834695227
# seed 3 (bootstrap) : 246341619
# bootstrap : yes
# -------------------------
 - d_sub 200 : OOB 0.4210 : L 325 : T 5.2 sec
 - d_sub 400 : OOB 0.4070 : L 483 : T 17.9 sec
 - d_sub 600 : OOB 0.4290 : L 125 : T 6.9 sec
 - d_sub 300 : OOB 0.4050 : L 500 : T 13.3 sec (maximum reached)
 - d_sub 500 : OOB 0.4150 : L 411 : T 18.5 sec
 - d_sub 250 : OOB 0.4090 : L 159 : T 3.2 sec
 - d_sub 350 : OOB 0.4170 : L 388 : T 11.8 sec
 - d_sub 275 : OOB 0.4100 : L 351 : T 8.6 sec
 - d_sub 325 : OOB 0.4080 : L 229 : T 6.5 sec
 - d_sub 288 : OOB 0.4090 : L 500 : T 12.9 sec (maximum reached)
 - d_sub 312 : OOB 0.4170 : L 281 : T 7.7 sec
training time: 112.9 sec
optimal d_sub 300 : OOB 0.4050 : TST 0.3870 : L 500 : T 113.8 sec
