# -------------------------
# Ensemble classification
# cover : coversKB_features.mat
# stego : stego040KB_features.mat
# trn/tst ratio : 0.5000
# L : automatic (min 25, length 50, eps 0.00500)
# d_sub : automatic (Eoob tolerance 0.0200, step 200)
# seed 1 (trn/tst) : 3
# seed 2 (subspaces) : 666524585
# seed 3 (bootstrap) : 238690818
# bootstrap : yes
# -------------------------
 - d_sub 200 : OOB 0.4050 : L 463 : T 7.8 sec
 - d_sub 400 : OOB 0.3810 : L 222 : T 8.5 sec
 - d_sub 600 : OOB 0.3840 : L 293 : T 16.6 sec
 - d_sub 800 : OOB 0.3870 : L 500 : T 40.3 sec (maximum reached)
 - d_sub 300 : OOB 0.3950 : L 336 : T 9.1 sec
 - d_sub 500 : OOB 0.3900 : L 279 : T 13.0 sec
training time: 95.5 sec
optimal d_sub 400 : OOB 0.3810 : TST 0.4090 : L 222 : T 96.1 sec
