# -------------------------
# Ensemble classification
# cover : coversKB_features.mat
# stego : stego040KB_features.mat
# trn/tst ratio : 0.5000
# L : automatic (min 25, length 50, eps 0.00500)
# d_sub : automatic (Eoob tolerance 0.0200, step 200)
# seed 1 (trn/tst) : 6
# seed 2 (subspaces) : 199705848
# seed 3 (bootstrap) : 819863955
# bootstrap : yes
# -------------------------
 - d_sub 200 : OOB 0.4130 : L 500 : T 8.7 sec (maximum reached)
 - d_sub 400 : OOB 0.3910 : L 477 : T 17.8 sec
 - d_sub 600 : OOB 0.3850 : L 465 : T 26.6 sec
 - d_sub 800 : OOB 0.3990 : L 478 : T 38.8 sec
 - d_sub 500 : OOB 0.3960 : L 355 : T 17.0 sec
 - d_sub 700 : OOB 0.3940 : L 161 : T 11.0 sec
 - d_sub 550 : OOB 0.3820 : L 454 : T 23.8 sec
 - d_sub 650 : OOB 0.3990 : L 358 : T 22.7 sec
 - d_sub 525 : OOB 0.3970 : L 115 : T 5.7 sec
 - d_sub 575 : OOB 0.3940 : L 320 : T 17.1 sec
training time: 189.4 sec
optimal d_sub 550 : OOB 0.3820 : TST 0.4070 : L 454 : T 190.7 sec
