# -------------------------
# Ensemble classification
# cover : coversKB_features.mat
# stego : stego040KB_features.mat
# trn/tst ratio : 0.8000
# L : automatic (min 25, length 50, eps 0.00500)
# d_sub : automatic (Eoob tolerance 0.0200, step 200)
# seed 1 (trn/tst) : 4
# seed 2 (subspaces) : 337450986
# seed 3 (bootstrap) : 470075367
# bootstrap : yes
# -------------------------
 - d_sub 42 : OOB 0.2969 : L 96 : T 0.4 sec
 - d_sub 84 : OOB 0.2869 : L 159 : T 0.9 sec
 - d_sub 126 : OOB 0.3013 : L 131 : T 0.9 sec
 - d_sub 63 : OOB 0.2919 : L 164 : T 0.8 sec
 - d_sub 105 : OOB 0.2900 : L 147 : T 0.9 sec
 - d_sub 74 : OOB 0.2900 : L 155 : T 0.8 sec
 - d_sub 94 : OOB 0.2869 : L 135 : T 0.8 sec
training time: 5.7 sec
optimal d_sub 84 : OOB 0.2869 : TST 0.2875 : L 159 : T 5.8 sec
