# -------------------------
# Ensemble classification
# cover : coversKB_features.mat
# stego : stego010KB_features.mat
# trn/tst ratio : 0.5000
# L : automatic (min 25, length 50, eps 0.00500)
# d_sub : automatic (Eoob tolerance 0.0200, step 200)
# seed 1 (trn/tst) : 2
# seed 2 (subspaces) : 753924130
# seed 3 (bootstrap) : 979369551
# bootstrap : yes
# -------------------------
 - d_sub 42 : OOB 0.4910 : L 401 : T 2.2 sec
 - d_sub 84 : OOB 0.4910 : L 202 : T 1.6 sec
 - d_sub 126 : OOB 0.5020 : L 257 : T 2.7 sec
 - d_sub 21 : OOB 0.4890 : L 149 : T 0.6 sec
 - d_sub 63 : OOB 0.4940 : L 273 : T 1.9 sec
 - d_sub 11 : OOB 0.4930 : L 315 : T 1.1 sec
 - d_sub 31 : OOB 0.4910 : L 329 : T 1.6 sec
training time: 11.9 sec
optimal d_sub 21 : OOB 0.4890 : TST 0.4940 : L 149 : T 11.9 sec
