# -------------------------
# Ensemble classification
# cover : coversKB_features.mat
# stego : stego040KB_features.mat
# trn/tst ratio : 0.8000
# L : automatic (min 25, length 50, eps 0.00500)
# d_sub : automatic (Eoob tolerance 0.0200, step 200)
# seed 1 (trn/tst) : 7
# seed 2 (subspaces) : 537413181
# seed 3 (bootstrap) : 861034906
# bootstrap : yes
# -------------------------
 - d_sub 42 : OOB 0.2981 : L 126 : T 0.5 sec
 - d_sub 84 : OOB 0.2981 : L 108 : T 0.6 sec
 - d_sub 126 : OOB 0.3031 : L 102 : T 0.6 sec
 - d_sub 21 : OOB 0.3356 : L 118 : T 0.4 sec
 - d_sub 63 : OOB 0.2969 : L 115 : T 0.5 sec
 - d_sub 53 : OOB 0.2963 : L 152 : T 0.7 sec
 - d_sub 73 : OOB 0.2975 : L 127 : T 0.6 sec
training time: 4.2 sec
optimal d_sub 53 : OOB 0.2963 : TST 0.2600 : L 152 : T 4.3 sec
