# -------------------------
# Ensemble classification
# cover : coversKB_features.mat
# stego : stego030KB_features.mat
# trn/tst ratio : 0.5000
# L : automatic (min 25, length 50, eps 0.00500)
# d_sub : automatic (Eoob tolerance 0.0200, step 200)
# seed 1 (trn/tst) : 1
# seed 2 (subspaces) : 321055554
# seed 3 (bootstrap) : 300591873
# bootstrap : yes
# -------------------------
 - d_sub 42 : OOB 0.4810 : L 296 : T 1.6 sec
 - d_sub 84 : OOB 0.4690 : L 247 : T 1.9 sec
 - d_sub 126 : OOB 0.4800 : L 185 : T 2.0 sec
 - d_sub 168 : OOB 0.4720 : L 150 : T 2.0 sec
 - d_sub 63 : OOB 0.4750 : L 276 : T 1.9 sec
 - d_sub 105 : OOB 0.4760 : L 287 : T 2.6 sec
training time: 12.1 sec
optimal d_sub 84 : OOB 0.4690 : TST 0.4770 : L 247 : T 12.2 sec
