# -------------------------
# Ensemble classification
# cover : coversKB_features.mat
# stego : stego030KB_features.mat
# trn/tst ratio : 0.8000
# L : automatic (min 25, length 50, eps 0.00500)
# d_sub : automatic (Eoob tolerance 0.0200, step 200)
# seed 1 (trn/tst) : 10
# seed 2 (subspaces) : 234279129
# seed 3 (bootstrap) : 416154813
# bootstrap : yes
# -------------------------
 - d_sub 42 : OOB 0.3588 : L 114 : T 0.5 sec
 - d_sub 84 : OOB 0.3450 : L 93 : T 0.5 sec
 - d_sub 126 : OOB 0.3538 : L 110 : T 0.7 sec
 - d_sub 168 : OOB 0.3606 : L 75 : T 0.8 sec
 - d_sub 63 : OOB 0.3475 : L 181 : T 0.9 sec
 - d_sub 105 : OOB 0.3475 : L 117 : T 0.7 sec
training time: 4.1 sec
optimal d_sub 84 : OOB 0.3450 : TST 0.3425 : L 93 : T 4.1 sec
