# -------------------------
# Ensemble classification
# cover : coversKB_features.mat
# stego : stego020KB_features.mat
# trn/tst ratio : 0.8000
# L : automatic (min 25, length 50, eps 0.00500)
# d_sub : automatic (Eoob tolerance 0.0200, step 200)
# seed 1 (trn/tst) : 3
# seed 2 (subspaces) : 990087527
# seed 3 (bootstrap) : 215844099
# bootstrap : yes
# -------------------------
 - d_sub 42 : OOB 0.4238 : L 253 : T 1.1 sec
 - d_sub 84 : OOB 0.4038 : L 145 : T 0.7 sec
 - d_sub 126 : OOB 0.4100 : L 117 : T 0.7 sec
 - d_sub 168 : OOB 0.4125 : L 139 : T 1.4 sec
 - d_sub 63 : OOB 0.4088 : L 233 : T 1.1 sec
 - d_sub 105 : OOB 0.4056 : L 124 : T 0.7 sec
training time: 6.0 sec
optimal d_sub 84 : OOB 0.4038 : TST 0.4250 : L 145 : T 6.1 sec
