# -------------------------
# Ensemble classification
# cover : coversKB_features.mat
# stego : stego050KB_features.mat
# trn/tst ratio : 0.8000
# L : automatic (min 25, length 50, eps 0.00500)
# d_sub : automatic (Eoob tolerance 0.0200, step 200)
# seed 1 (trn/tst) : 10
# seed 2 (subspaces) : 764494558
# seed 3 (bootstrap) : 637676914
# bootstrap : yes
# -------------------------
 - d_sub 42 : OOB 0.2556 : L 86 : T 0.4 sec
 - d_sub 84 : OOB 0.2506 : L 129 : T 0.6 sec
 - d_sub 126 : OOB 0.2675 : L 104 : T 0.6 sec
 - d_sub 63 : OOB 0.2481 : L 84 : T 0.4 sec
 - d_sub 105 : OOB 0.2556 : L 98 : T 0.6 sec
 - d_sub 53 : OOB 0.2469 : L 82 : T 0.4 sec
 - d_sub 73 : OOB 0.2488 : L 127 : T 0.6 sec
 - d_sub 48 : OOB 0.2506 : L 131 : T 0.6 sec
 - d_sub 58 : OOB 0.2469 : L 149 : T 0.7 sec
training time: 5.0 sec
optimal d_sub 53 : OOB 0.2469 : TST 0.2200 : L 82 : T 5.1 sec
