# -------------------------
# Ensemble classification
# cover : coversKB_features.mat
# stego : stego015KB_features.mat
# trn/tst ratio : 0.5000
# L : automatic (min 25, length 50, eps 0.00500)
# d_sub : automatic (Eoob tolerance 0.0200, step 200)
# seed 1 (trn/tst) : 8
# seed 2 (subspaces) : 148257315
# seed 3 (bootstrap) : 452046402
# bootstrap : yes
# -------------------------
 - d_sub 42 : OOB 0.4820 : L 256 : T 1.4 sec
 - d_sub 84 : OOB 0.4930 : L 238 : T 1.8 sec
 - d_sub 126 : OOB 0.4990 : L 213 : T 2.3 sec
 - d_sub 21 : OOB 0.4890 : L 340 : T 1.5 sec
 - d_sub 63 : OOB 0.4930 : L 224 : T 1.7 sec
 - d_sub 52 : OOB 0.4900 : L 386 : T 2.4 sec
 - d_sub 32 : OOB 0.4900 : L 271 : T 1.3 sec
 - d_sub 37 : OOB 0.4900 : L 224 : T 1.2 sec
 - d_sub 47 : OOB 0.4980 : L 112 : T 0.6 sec
 - d_sub 40 : OOB 0.4970 : L 202 : T 1.1 sec
 - d_sub 44 : OOB 0.4910 : L 334 : T 1.9 sec
training time: 17.3 sec
optimal d_sub 42 : OOB 0.4820 : TST 0.4920 : L 256 : T 17.4 sec
