# -------------------------
# Ensemble classification
# cover : coversKB_features.mat
# stego : stego010KB_features.mat
# trn/tst ratio : 0.8000
# L : automatic (min 25, length 50, eps 0.00500)
# d_sub : automatic (Eoob tolerance 0.0200, step 200)
# seed 1 (trn/tst) : 7
# seed 2 (subspaces) : 191526328
# seed 3 (bootstrap) : 887207039
# bootstrap : yes
# -------------------------
 - d_sub 42 : OOB 0.4506 : L 97 : T 0.4 sec
 - d_sub 84 : OOB 0.4600 : L 167 : T 0.9 sec
 - d_sub 126 : OOB 0.4606 : L 147 : T 0.9 sec
 - d_sub 21 : OOB 0.4631 : L 260 : T 1.0 sec
 - d_sub 63 : OOB 0.4631 : L 175 : T 0.8 sec
 - d_sub 52 : OOB 0.4619 : L 200 : T 0.9 sec
 - d_sub 32 : OOB 0.4581 : L 244 : T 1.0 sec
 - d_sub 37 : OOB 0.4625 : L 88 : T 0.4 sec
 - d_sub 47 : OOB 0.4656 : L 194 : T 0.9 sec
 - d_sub 40 : OOB 0.4569 : L 204 : T 0.8 sec
 - d_sub 44 : OOB 0.4600 : L 312 : T 1.3 sec
training time: 9.4 sec
optimal d_sub 42 : OOB 0.4506 : TST 0.4600 : L 97 : T 9.5 sec
