# -------------------------
# Ensemble classification
# cover : coversKB_features.mat
# stego : stego030KB_features.mat
# trn/tst ratio : 0.8000
# L : automatic (min 25, length 50, eps 0.00500)
# d_sub : automatic (Eoob tolerance 0.0200, step 200)
# seed 1 (trn/tst) : 9
# seed 2 (subspaces) : 888667441
# seed 3 (bootstrap) : 961508916
# bootstrap : yes
# -------------------------
 - d_sub 42 : OOB 0.3681 : L 192 : T 0.8 sec
 - d_sub 84 : OOB 0.3594 : L 104 : T 0.5 sec
 - d_sub 126 : OOB 0.3681 : L 116 : T 0.7 sec
 - d_sub 168 : OOB 0.3706 : L 104 : T 1.1 sec
 - d_sub 63 : OOB 0.3544 : L 97 : T 0.5 sec
 - d_sub 105 : OOB 0.3594 : L 171 : T 1.1 sec
 - d_sub 53 : OOB 0.3581 : L 158 : T 0.8 sec
 - d_sub 73 : OOB 0.3569 : L 121 : T 0.6 sec
training time: 6.3 sec
optimal d_sub 63 : OOB 0.3544 : TST 0.3325 : L 97 : T 6.4 sec
