# -------------------------
# Ensemble classification
# cover : coversKB_features.mat
# stego : stego040KB_features.mat
# trn/tst ratio : 0.5000
# L : automatic (min 25, length 50, eps 0.00500)
# d_sub : automatic (Eoob tolerance 0.0200, step 200)
# seed 1 (trn/tst) : 10
# seed 2 (subspaces) : 228393240
# seed 3 (bootstrap) : 898559260
# bootstrap : yes
# -------------------------
 - d_sub 200 : OOB 0.4090 : L 265 : T 4.4 sec
 - d_sub 400 : OOB 0.3740 : L 240 : T 8.9 sec
 - d_sub 600 : OOB 0.3950 : L 172 : T 9.4 sec
 - d_sub 800 : OOB 0.4000 : L 222 : T 17.5 sec
 - d_sub 300 : OOB 0.3930 : L 285 : T 7.5 sec
 - d_sub 500 : OOB 0.3880 : L 442 : T 19.9 sec
 - d_sub 350 : OOB 0.3910 : L 223 : T 6.8 sec
 - d_sub 450 : OOB 0.3820 : L 362 : T 14.7 sec
 - d_sub 375 : OOB 0.3910 : L 355 : T 12.0 sec
 - d_sub 425 : OOB 0.3850 : L 216 : T 8.2 sec
 - d_sub 388 : OOB 0.3830 : L 234 : T 8.1 sec
 - d_sub 412 : OOB 0.3820 : L 144 : T 5.4 sec
training time: 122.9 sec
optimal d_sub 400 : OOB 0.3740 : TST 0.4130 : L 240 : T 123.5 sec
