# -------------------------
# Ensemble classification
# cover : coversKB_features.mat
# stego : stego040KB_features.mat
# trn/tst ratio : 0.8000
# L : automatic (min 25, length 50, eps 0.00500)
# d_sub : automatic (Eoob tolerance 0.0200, step 200)
# seed 1 (trn/tst) : 3
# seed 2 (subspaces) : 334458627
# seed 3 (bootstrap) : 324105477
# bootstrap : yes
# -------------------------
 - d_sub 42 : OOB 0.3287 : L 202 : T 1.6 sec
 - d_sub 84 : OOB 0.2813 : L 133 : T 1.4 sec
 - d_sub 126 : OOB 0.2875 : L 126 : T 1.8 sec
 - d_sub 168 : OOB 0.2969 : L 109 : T 2.4 sec
 - d_sub 63 : OOB 0.2981 : L 240 : T 2.3 sec
 - d_sub 105 : OOB 0.2838 : L 162 : T 2.1 sec
training time: 11.8 sec
optimal d_sub 84 : OOB 0.2813 : TST 0.2750 : L 133 : T 11.9 sec
