# -------------------------
# Ensemble classification
# cover : coversKB_features.mat
# stego : stego040KB_features.mat
# trn/tst ratio : 0.5000
# L : automatic (min 25, length 50, eps 0.00500)
# d_sub : automatic (Eoob tolerance 0.0200, step 200)
# seed 1 (trn/tst) : 1
# seed 2 (subspaces) : 482753640
# seed 3 (bootstrap) : 846081711
# bootstrap : yes
# -------------------------
 - d_sub 200 : OOB 0.4310 : L 500 : T 9.0 sec (maximum reached)
 - d_sub 400 : OOB 0.4070 : L 274 : T 10.3 sec
 - d_sub 600 : OOB 0.4100 : L 500 : T 30.8 sec (maximum reached)
 - d_sub 800 : OOB 0.4110 : L 392 : T 34.6 sec
 - d_sub 300 : OOB 0.4220 : L 261 : T 7.3 sec
 - d_sub 500 : OOB 0.4210 : L 278 : T 12.9 sec
 - d_sub 350 : OOB 0.4100 : L 323 : T 10.8 sec
 - d_sub 450 : OOB 0.4160 : L 430 : T 18.8 sec
 - d_sub 375 : OOB 0.4130 : L 333 : T 11.9 sec
 - d_sub 425 : OOB 0.4130 : L 242 : T 10.0 sec
 - d_sub 388 : OOB 0.4090 : L 273 : T 10.3 sec
 - d_sub 412 : OOB 0.4220 : L 353 : T 14.5 sec
training time: 181.5 sec
optimal d_sub 400 : OOB 0.4070 : TST 0.4070 : L 274 : T 182.2 sec
