# -------------------------
# Ensemble classification
# cover : coversKB_features.mat
# stego : stego050KB_features.mat
# trn/tst ratio : 0.8000
# L : automatic (min 25, length 50, eps 0.00500)
# d_sub : automatic (Eoob tolerance 0.0200, step 200)
# seed 1 (trn/tst) : 3
# seed 2 (subspaces) : 126003240
# seed 3 (bootstrap) : 839127144
# bootstrap : yes
# -------------------------
 - d_sub 42 : OOB 0.2431 : L 119 : T 0.5 sec
 - d_sub 84 : OOB 0.2537 : L 94 : T 0.5 sec
 - d_sub 126 : OOB 0.2550 : L 82 : T 0.5 sec
 - d_sub 21 : OOB 0.2587 : L 146 : T 0.6 sec
 - d_sub 63 : OOB 0.2419 : L 118 : T 0.6 sec
 - d_sub 53 : OOB 0.2375 : L 193 : T 0.8 sec
 - d_sub 73 : OOB 0.2381 : L 117 : T 0.6 sec
training time: 4.2 sec
optimal d_sub 53 : OOB 0.2375 : TST 0.2550 : L 193 : T 4.3 sec
