# -------------------------
# Ensemble classification
# cover : coversKB_features.mat
# stego : stego030KB_features.mat
# trn/tst ratio : 0.8000
# L : automatic (min 25, length 50, eps 0.00500)
# d_sub : automatic (Eoob tolerance 0.0200, step 200)
# seed 1 (trn/tst) : 2
# seed 2 (subspaces) : 205550203
# seed 3 (bootstrap) : 455569955
# bootstrap : yes
# -------------------------
 - d_sub 42 : OOB 0.3663 : L 244 : T 1.2 sec
 - d_sub 84 : OOB 0.3563 : L 87 : T 0.5 sec
 - d_sub 126 : OOB 0.3613 : L 132 : T 0.9 sec
 - d_sub 168 : OOB 0.3644 : L 155 : T 1.7 sec
 - d_sub 63 : OOB 0.3513 : L 136 : T 0.7 sec
 - d_sub 105 : OOB 0.3581 : L 93 : T 0.7 sec
 - d_sub 53 : OOB 0.3575 : L 144 : T 0.8 sec
 - d_sub 73 : OOB 0.3550 : L 121 : T 0.7 sec
training time: 7.3 sec
optimal d_sub 63 : OOB 0.3513 : TST 0.3375 : L 136 : T 7.4 sec
