# -------------------------
# Ensemble classification
# cover : coversKB_features.mat
# stego : stego050KB_features.mat
# trn/tst ratio : 0.8000
# L : automatic (min 25, length 50, eps 0.00500)
# d_sub : automatic (Eoob tolerance 0.0200, step 200)
# seed 1 (trn/tst) : 2
# seed 2 (subspaces) : 205607007
# seed 3 (bootstrap) : 304108631
# bootstrap : yes
# -------------------------
 - d_sub 42 : OOB 0.2444 : L 86 : T 0.4 sec
 - d_sub 84 : OOB 0.2437 : L 82 : T 0.4 sec
 - d_sub 126 : OOB 0.2562 : L 83 : T 0.5 sec
 - d_sub 63 : OOB 0.2406 : L 119 : T 0.6 sec
 - d_sub 105 : OOB 0.2512 : L 98 : T 0.5 sec
 - d_sub 53 : OOB 0.2425 : L 114 : T 0.5 sec
 - d_sub 73 : OOB 0.2419 : L 127 : T 0.6 sec
 - d_sub 58 : OOB 0.2412 : L 146 : T 0.7 sec
 - d_sub 68 : OOB 0.2437 : L 111 : T 0.5 sec
 - d_sub 61 : OOB 0.2444 : L 105 : T 0.5 sec
 - d_sub 65 : OOB 0.2362 : L 105 : T 0.5 sec
training time: 5.9 sec
optimal d_sub 65 : OOB 0.2362 : TST 0.2425 : L 105 : T 6.0 sec
