# -------------------------
# Ensemble classification
# cover : coversKB_features.mat
# stego : stego040KB_features.mat
# trn/tst ratio : 0.8000
# L : automatic (min 25, length 50, eps 0.00500)
# d_sub : automatic (Eoob tolerance 0.0200, step 200)
# seed 1 (trn/tst) : 8
# seed 2 (subspaces) : 867513290
# seed 3 (bootstrap) : 309318392
# bootstrap : yes
# -------------------------
 - d_sub 42 : OOB 0.2919 : L 130 : T 0.6 sec
 - d_sub 84 : OOB 0.2875 : L 186 : T 1.0 sec
 - d_sub 126 : OOB 0.3056 : L 93 : T 0.6 sec
 - d_sub 63 : OOB 0.2881 : L 121 : T 0.6 sec
 - d_sub 105 : OOB 0.2988 : L 70 : T 0.4 sec
 - d_sub 74 : OOB 0.2931 : L 73 : T 0.4 sec
 - d_sub 94 : OOB 0.2950 : L 75 : T 0.4 sec
 - d_sub 79 : OOB 0.2900 : L 143 : T 0.7 sec
 - d_sub 89 : OOB 0.2925 : L 119 : T 0.6 sec
 - d_sub 82 : OOB 0.2888 : L 119 : T 0.6 sec
 - d_sub 86 : OOB 0.2888 : L 130 : T 0.7 sec
training time: 6.7 sec
optimal d_sub 84 : OOB 0.2875 : TST 0.3000 : L 186 : T 6.8 sec
