# -------------------------
# Ensemble classification
# cover : coversKB_features.mat
# stego : stego030KB_features.mat
# trn/tst ratio : 0.8000
# L : automatic (min 25, length 50, eps 0.00500)
# d_sub : automatic (Eoob tolerance 0.0200, step 200)
# seed 1 (trn/tst) : 6
# seed 2 (subspaces) : 320687052
# seed 3 (bootstrap) : 879313030
# bootstrap : yes
# -------------------------
 - d_sub 42 : OOB 0.3638 : L 127 : T 0.6 sec
 - d_sub 84 : OOB 0.3500 : L 151 : T 0.8 sec
 - d_sub 126 : OOB 0.3550 : L 150 : T 1.0 sec
 - d_sub 168 : OOB 0.3675 : L 113 : T 1.3 sec
 - d_sub 63 : OOB 0.3569 : L 119 : T 0.6 sec
 - d_sub 105 : OOB 0.3588 : L 118 : T 0.7 sec
training time: 5.2 sec
optimal d_sub 84 : OOB 0.3500 : TST 0.3525 : L 151 : T 5.3 sec
