# -------------------------
# Ensemble classification
# cover : coversKB_features.mat
# stego : stego050KB_features.mat
# trn/tst ratio : 0.8000
# L : automatic (min 25, length 50, eps 0.00500)
# d_sub : automatic (Eoob tolerance 0.0200, step 200)
# seed 1 (trn/tst) : 7
# seed 2 (subspaces) : 750273971
# seed 3 (bootstrap) : 627795393
# bootstrap : yes
# -------------------------
 - d_sub 42 : OOB 0.2519 : L 121 : T 0.5 sec
 - d_sub 84 : OOB 0.2519 : L 163 : T 0.8 sec
 - d_sub 126 : OOB 0.2569 : L 131 : T 0.8 sec
 - d_sub 21 : OOB 0.2719 : L 177 : T 0.7 sec
 - d_sub 63 : OOB 0.2494 : L 166 : T 0.8 sec
 - d_sub 53 : OOB 0.2525 : L 117 : T 0.5 sec
 - d_sub 73 : OOB 0.2475 : L 124 : T 0.6 sec
training time: 4.9 sec
optimal d_sub 73 : OOB 0.2475 : TST 0.2250 : L 124 : T 5.0 sec
