# -------------------------
# Ensemble classification
# cover : coversKB_features.mat
# stego : stego050KB_features.mat
# trn/tst ratio : 0.8000
# L : automatic (min 25, length 50, eps 0.00500)
# d_sub : automatic (Eoob tolerance 0.0200, step 200)
# seed 1 (trn/tst) : 4
# seed 2 (subspaces) : 648909479
# seed 3 (bootstrap) : 209694733
# bootstrap : yes
# -------------------------
 - d_sub 42 : OOB 0.2481 : L 159 : T 0.7 sec
 - d_sub 84 : OOB 0.2425 : L 131 : T 0.7 sec
 - d_sub 126 : OOB 0.2556 : L 141 : T 0.9 sec
 - d_sub 63 : OOB 0.2494 : L 78 : T 0.4 sec
 - d_sub 105 : OOB 0.2463 : L 130 : T 0.7 sec
 - d_sub 74 : OOB 0.2450 : L 86 : T 0.4 sec
 - d_sub 94 : OOB 0.2512 : L 135 : T 0.7 sec
 - d_sub 79 : OOB 0.2475 : L 101 : T 0.5 sec
 - d_sub 89 : OOB 0.2475 : L 152 : T 0.8 sec
 - d_sub 82 : OOB 0.2475 : L 106 : T 0.5 sec
 - d_sub 86 : OOB 0.2400 : L 134 : T 0.7 sec
training time: 7.2 sec
optimal d_sub 86 : OOB 0.2400 : TST 0.2325 : L 134 : T 7.3 sec
