# -------------------------
# Ensemble classification
# cover : coversKB_features.mat
# stego : stego040KB_features.mat
# trn/tst ratio : 0.8000
# L : automatic (min 25, length 50, eps 0.00500)
# d_sub : automatic (Eoob tolerance 0.0200, step 200)
# seed 1 (trn/tst) : 2
# seed 2 (subspaces) : 716512436
# seed 3 (bootstrap) : 752831011
# bootstrap : yes
# -------------------------
 - d_sub 42 : OOB 0.3337 : L 240 : T 1.7 sec
 - d_sub 84 : OOB 0.2838 : L 147 : T 1.4 sec
 - d_sub 126 : OOB 0.2850 : L 175 : T 2.3 sec
 - d_sub 168 : OOB 0.2925 : L 106 : T 2.0 sec
 - d_sub 63 : OOB 0.3025 : L 338 : T 3.0 sec
 - d_sub 105 : OOB 0.2850 : L 144 : T 1.8 sec
training time: 12.3 sec
optimal d_sub 84 : OOB 0.2838 : TST 0.2875 : L 147 : T 12.4 sec
