# -------------------------
# Ensemble classification
# cover : coversKB_features.mat
# stego : stego010KB_features.mat
# trn/tst ratio : 0.5000
# L : automatic (min 25, length 50, eps 0.00500)
# d_sub : automatic (Eoob tolerance 0.0200, step 200)
# seed 1 (trn/tst) : 3
# seed 2 (subspaces) : 470467043
# seed 3 (bootstrap) : 998279762
# bootstrap : yes
# -------------------------
 - d_sub 42 : OOB 0.4920 : L 223 : T 1.2 sec
 - d_sub 84 : OOB 0.4960 : L 142 : T 1.1 sec
 - d_sub 126 : OOB 0.4970 : L 118 : T 1.2 sec
 - d_sub 21 : OOB 0.4920 : L 431 : T 1.8 sec
 - d_sub 63 : OOB 0.4970 : L 147 : T 1.0 sec
 - d_sub 11 : OOB 0.5040 : L 171 : T 0.6 sec
 - d_sub 31 : OOB 0.4920 : L 219 : T 1.0 sec
training time: 8.1 sec
optimal d_sub 42 : OOB 0.4920 : TST 0.4960 : L 223 : T 8.2 sec
