# -------------------------
# Ensemble classification
# cover : coversKB_features.mat
# stego : stego040KB_features.mat
# trn/tst ratio : 0.5000
# L : automatic (min 25, length 50, eps 0.00500)
# d_sub : automatic (Eoob tolerance 0.0200, step 200)
# seed 1 (trn/tst) : 3
# seed 2 (subspaces) : 576420374
# seed 3 (bootstrap) : 485860340
# bootstrap : yes
# -------------------------
 - d_sub 200 : OOB 0.4500 : L 310 : T 5.2 sec
 - d_sub 400 : OOB 0.4340 : L 142 : T 5.3 sec
 - d_sub 600 : OOB 0.4410 : L 213 : T 12.1 sec
 - d_sub 800 : OOB 0.4430 : L 244 : T 19.6 sec
 - d_sub 300 : OOB 0.4410 : L 183 : T 4.9 sec
 - d_sub 500 : OOB 0.4370 : L 251 : T 11.7 sec
training time: 58.9 sec
optimal d_sub 400 : OOB 0.4340 : TST 0.4390 : L 142 : T 59.3 sec
