# -------------------------
# Ensemble classification
# cover : coversKB_features.mat
# stego : stego050KB_features.mat
# trn/tst ratio : 0.8000
# L : automatic (min 25, length 50, eps 0.00500)
# d_sub : automatic (Eoob tolerance 0.0200, step 200)
# seed 1 (trn/tst) : 8
# seed 2 (subspaces) : 599405480
# seed 3 (bootstrap) : 176826188
# bootstrap : yes
# -------------------------
 - d_sub 42 : OOB 0.2469 : L 93 : T 0.4 sec
 - d_sub 84 : OOB 0.2512 : L 131 : T 0.7 sec
 - d_sub 126 : OOB 0.2581 : L 101 : T 0.6 sec
 - d_sub 21 : OOB 0.2675 : L 118 : T 0.4 sec
 - d_sub 63 : OOB 0.2581 : L 108 : T 0.5 sec
 - d_sub 52 : OOB 0.2450 : L 165 : T 0.7 sec
 - d_sub 32 : OOB 0.2531 : L 125 : T 0.5 sec
 - d_sub 47 : OOB 0.2481 : L 115 : T 0.5 sec
 - d_sub 57 : OOB 0.2531 : L 81 : T 0.4 sec
 - d_sub 50 : OOB 0.2481 : L 109 : T 0.5 sec
 - d_sub 54 : OOB 0.2463 : L 112 : T 0.5 sec
training time: 6.0 sec
optimal d_sub 52 : OOB 0.2450 : TST 0.2275 : L 165 : T 6.0 sec
