# -------------------------
# Ensemble classification
# cover : coversKB_features.mat
# stego : stego010KB_features.mat
# trn/tst ratio : 0.8000
# L : automatic (min 25, length 50, eps 0.00500)
# d_sub : automatic (Eoob tolerance 0.0200, step 200)
# seed 1 (trn/tst) : 8
# seed 2 (subspaces) : 588358972
# seed 3 (bootstrap) : 433229115
# bootstrap : yes
# -------------------------
 - d_sub 42 : OOB 0.4656 : L 159 : T 0.7 sec
 - d_sub 84 : OOB 0.4500 : L 199 : T 1.0 sec
 - d_sub 126 : OOB 0.4619 : L 227 : T 1.4 sec
 - d_sub 168 : OOB 0.4575 : L 119 : T 1.2 sec
 - d_sub 63 : OOB 0.4638 : L 175 : T 0.9 sec
 - d_sub 105 : OOB 0.4562 : L 204 : T 1.9 sec
training time: 7.3 sec
optimal d_sub 84 : OOB 0.4500 : TST 0.4650 : L 199 : T 7.4 sec
