# -------------------------
# Ensemble classification
# cover : coversKB_features.mat
# stego : stego030KB_features.mat
# trn/tst ratio : 0.8000
# L : automatic (min 25, length 50, eps 0.00500)
# d_sub : automatic (Eoob tolerance 0.0200, step 200)
# seed 1 (trn/tst) : 5
# seed 2 (subspaces) : 220348543
# seed 3 (bootstrap) : 148502900
# bootstrap : yes
# -------------------------
 - d_sub 42 : OOB 0.3738 : L 167 : T 0.7 sec
 - d_sub 84 : OOB 0.3594 : L 145 : T 0.8 sec
 - d_sub 126 : OOB 0.3638 : L 140 : T 1.1 sec
 - d_sub 168 : OOB 0.3706 : L 142 : T 1.7 sec
 - d_sub 63 : OOB 0.3644 : L 118 : T 0.6 sec
 - d_sub 105 : OOB 0.3706 : L 110 : T 0.8 sec
 - d_sub 74 : OOB 0.3519 : L 111 : T 0.6 sec
 - d_sub 94 : OOB 0.3638 : L 128 : T 0.9 sec
 - d_sub 69 : OOB 0.3600 : L 137 : T 0.8 sec
 - d_sub 79 : OOB 0.3606 : L 181 : T 1.3 sec
 - d_sub 72 : OOB 0.3581 : L 151 : T 1.0 sec
 - d_sub 76 : OOB 0.3600 : L 164 : T 0.9 sec
training time: 11.4 sec
optimal d_sub 74 : OOB 0.3519 : TST 0.3125 : L 111 : T 11.5 sec
