# -------------------------
# Ensemble classification
# cover : coversKB_features.mat
# stego : stego050KB_features.mat
# trn/tst ratio : 0.8000
# L : automatic (min 25, length 50, eps 0.00500)
# d_sub : automatic (Eoob tolerance 0.0200, step 200)
# seed 1 (trn/tst) : 9
# seed 2 (subspaces) : 916363087
# seed 3 (bootstrap) : 279810504
# bootstrap : yes
# -------------------------
 - d_sub 42 : OOB 0.2506 : L 103 : T 0.4 sec
 - d_sub 84 : OOB 0.2519 : L 89 : T 0.5 sec
 - d_sub 126 : OOB 0.2656 : L 107 : T 0.7 sec
 - d_sub 21 : OOB 0.2625 : L 125 : T 0.5 sec
 - d_sub 63 : OOB 0.2506 : L 87 : T 0.4 sec
 - d_sub 53 : OOB 0.2463 : L 84 : T 0.4 sec
 - d_sub 73 : OOB 0.2550 : L 68 : T 0.3 sec
 - d_sub 58 : OOB 0.2419 : L 145 : T 0.7 sec
 - d_sub 48 : OOB 0.2463 : L 190 : T 0.8 sec
 - d_sub 56 : OOB 0.2419 : L 139 : T 0.6 sec
 - d_sub 60 : OOB 0.2469 : L 99 : T 0.5 sec
training time: 6.0 sec
optimal d_sub 58 : OOB 0.2419 : TST 0.2350 : L 145 : T 6.0 sec
