# -------------------------
# Ensemble classification
# cover : coversKB_features.mat
# stego : stego040KB_features.mat
# trn/tst ratio : 0.5000
# L : automatic (min 25, length 50, eps 0.00500)
# d_sub : automatic (Eoob tolerance 0.0200, step 200)
# seed 1 (trn/tst) : 2
# seed 2 (subspaces) : 490489940
# seed 3 (bootstrap) : 239706590
# bootstrap : yes
# -------------------------
 - d_sub 200 : OOB 0.4110 : L 285 : T 5.2 sec
 - d_sub 400 : OOB 0.3840 : L 309 : T 11.6 sec
 - d_sub 600 : OOB 0.3910 : L 171 : T 9.7 sec
 - d_sub 800 : OOB 0.4110 : L 219 : T 17.9 sec
 - d_sub 300 : OOB 0.3990 : L 333 : T 9.1 sec
 - d_sub 500 : OOB 0.3940 : L 233 : T 10.9 sec
 - d_sub 350 : OOB 0.3920 : L 347 : T 11.2 sec
 - d_sub 450 : OOB 0.3920 : L 167 : T 7.0 sec
 - d_sub 375 : OOB 0.3940 : L 394 : T 14.2 sec
 - d_sub 425 : OOB 0.3890 : L 289 : T 11.4 sec
 - d_sub 388 : OOB 0.3780 : L 295 : T 10.7 sec
 - d_sub 412 : OOB 0.3850 : L 393 : T 15.0 sec
training time: 134.2 sec
optimal d_sub 388 : OOB 0.3780 : TST 0.4010 : L 295 : T 134.9 sec
