# -------------------------
# Ensemble classification
# cover : coversKB_features.mat
# stego : stego040KB_features.mat
# trn/tst ratio : 0.8000
# L : automatic (min 25, length 50, eps 0.00500)
# d_sub : automatic (Eoob tolerance 0.0200, step 200)
# seed 1 (trn/tst) : 6
# seed 2 (subspaces) : 508753703
# seed 3 (bootstrap) : 796254165
# bootstrap : yes
# -------------------------
 - d_sub 42 : OOB 0.3038 : L 120 : T 0.5 sec
 - d_sub 84 : OOB 0.2925 : L 95 : T 0.5 sec
 - d_sub 126 : OOB 0.3100 : L 91 : T 0.6 sec
 - d_sub 63 : OOB 0.2913 : L 85 : T 0.4 sec
 - d_sub 105 : OOB 0.2988 : L 193 : T 1.1 sec
 - d_sub 53 : OOB 0.2919 : L 81 : T 0.4 sec
 - d_sub 73 : OOB 0.2938 : L 109 : T 0.5 sec
training time: 4.1 sec
optimal d_sub 63 : OOB 0.2913 : TST 0.2950 : L 85 : T 4.2 sec
