# -------------------------
# Ensemble classification
# cover : coversKB_features.mat
# stego : stego020KB_features.mat
# trn/tst ratio : 0.8000
# L : automatic (min 25, length 50, eps 0.00500)
# d_sub : automatic (Eoob tolerance 0.0200, step 200)
# seed 1 (trn/tst) : 6
# seed 2 (subspaces) : 585429734
# seed 3 (bootstrap) : 184482365
# bootstrap : yes
# -------------------------
 - d_sub 42 : OOB 0.4050 : L 153 : T 0.6 sec
 - d_sub 84 : OOB 0.4069 : L 130 : T 0.7 sec
 - d_sub 126 : OOB 0.3987 : L 98 : T 0.6 sec
 - d_sub 168 : OOB 0.4081 : L 215 : T 2.2 sec
 - d_sub 105 : OOB 0.3950 : L 100 : T 0.6 sec
 - d_sub 147 : OOB 0.4025 : L 82 : T 0.6 sec
 - d_sub 95 : OOB 0.3994 : L 135 : T 0.7 sec
 - d_sub 115 : OOB 0.4031 : L 96 : T 0.6 sec
training time: 6.7 sec
optimal d_sub 105 : OOB 0.3950 : TST 0.4075 : L 100 : T 6.8 sec
